<?xml version="1.0" encoding="UTF-8"?>
<!-- Generated by org.testng.reporters.JUnitReportReporter -->
<testsuite hostname="Sudharshan" failures="0" tests="15" name="testcases.E2ETest" time="10.564" errors="0" timestamp="2025-09-09T11:56:16 IST" skipped="0">
  <testcase classname="testcases.E2ETest" name="verifyLoginPage" time="3.205"/>
  <system-out/>
  <testcase classname="testcases.E2ETest" name="verifySortLowestToHighest" time="0.221"/>
  <system-out/>
  <testcase classname="testcases.E2ETest" name="verifySortHighestToLowest" time="0.205"/>
  <system-out/>
  <testcase classname="testcases.E2ETest" name="verifyGoogleFilter" time="0.162"/>
  <system-out/>
  <testcase classname="testcases.E2ETest" name="verifyAddPixel4" time="0.220"/>
  <system-out/>
  <testcase classname="testcases.E2ETest" name="verifyIncreaseQuantity" time="0.219"/>
  <system-out/>
  <testcase classname="testcases.E2ETest" name="verifyCloseCart" time="0.187"/>
  <system-out/>
  <testcase classname="testcases.E2ETest" name="verifyAddPixel3" time="0.337"/>
  <system-out/>
  <testcase classname="testcases.E2ETest" name="verifyCheckoutStart" time="0.517"/>
  <system-out/>
  <testcase classname="testcases.E2ETest" name="verifyAddressEntry" time="3.588"/>
  <system-out/>
  <testcase classname="testcases.E2ETest" name="verifyReceiptDownload" time="0.140"/>
  <system-out/>
  <testcase classname="testcases.E2ETest" name="verifyContinueShopping" time="0.230"/>
  <system-out/>
  <testcase classname="testcases.E2ETest" name="verifyAddPixel4ToFavourites" time="0.277"/>
  <system-out/>
  <testcase classname="testcases.E2ETest" name="verifyOfferPageNavigation" time="0.886"/>
  <system-out/>
  <testcase classname="testcases.E2ETest" name="verifyLogout" time="0.170"/>
  <system-out/>
</testsuite> <!-- testcases.E2ETest -->
