<?xml version="1.0" encoding="UTF-8"?>
<!-- Generated by org.testng.reporters.JUnitReportReporter -->
<testsuite hostname="Sudharshan" failures="0" tests="2" name="runners.TestRunner" time="19.292" errors="0" timestamp="2025-09-09T13:13:06 IST" skipped="0">
  <testcase classname="runners.TestRunner" name="runScenario" time="10.778"/>
  <system-out/>
  <testcase classname="runners.TestRunner" name="runScenario" time="8.514"/>
  <system-out/>
</testsuite> <!-- runners.TestRunner -->
