<?xml version="1.0" encoding="UTF-8"?>
<!-- Generated by org.testng.reporters.JUnitReportReporter -->
<testsuite hostname="Sudharshan" failures="0" tests="2" name="runners.TestRunner" time="21.555" errors="0" timestamp="2025-09-09T12:03:26 IST" skipped="0">
  <testcase classname="runners.TestRunner" name="runScenario" time="10.707"/>
  <system-out/>
  <testcase classname="runners.TestRunner" name="runScenario" time="10.848"/>
  <system-out/>
</testsuite> <!-- runners.TestRunner -->
