<?xml version="1.0" encoding="UTF-8"?>
<!-- Generated by org.testng.reporters.JUnitReportReporter -->
<testsuite hostname="Sudharshan" failures="0" tests="15" name="testcases.E2ETest" time="6.617" errors="0" timestamp="2025-09-09T13:07:36 IST" skipped="0">
  <testcase classname="testcases.E2ETest" name="verifyLoginPage" time="1.148"/>
  <system-out/>
  <testcase classname="testcases.E2ETest" name="verifySortLowestToHighest" time="0.178"/>
  <system-out/>
  <testcase classname="testcases.E2ETest" name="verifySortHighestToLowest" time="0.143"/>
  <system-out/>
  <testcase classname="testcases.E2ETest" name="verifyGoogleFilter" time="0.091"/>
  <system-out/>
  <testcase classname="testcases.E2ETest" name="verifyAddPixel4" time="0.149"/>
  <system-out/>
  <testcase classname="testcases.E2ETest" name="verifyIncreaseQuantity" time="0.659"/>
  <system-out/>
  <testcase classname="testcases.E2ETest" name="verifyCloseCart" time="0.113"/>
  <system-out/>
  <testcase classname="testcases.E2ETest" name="verifyAddPixel3" time="0.653"/>
  <system-out/>
  <testcase classname="testcases.E2ETest" name="verifyCheckoutStart" time="0.381"/>
  <system-out/>
  <testcase classname="testcases.E2ETest" name="verifyAddressEntry" time="1.401"/>
  <system-out/>
  <testcase classname="testcases.E2ETest" name="verifyReceiptDownload" time="0.099"/>
  <system-out/>
  <testcase classname="testcases.E2ETest" name="verifyContinueShopping" time="0.228"/>
  <system-out/>
  <testcase classname="testcases.E2ETest" name="verifyAddPixel4ToFavourites" time="0.236"/>
  <system-out/>
  <testcase classname="testcases.E2ETest" name="verifyOfferPageNavigation" time="0.944"/>
  <system-out/>
  <testcase classname="testcases.E2ETest" name="verifyLogout" time="0.194"/>
  <system-out/>
</testsuite> <!-- testcases.E2ETest -->
