<?xml version="1.0" encoding="UTF-8"?>
<!-- Generated by org.testng.reporters.JUnitReportReporter -->
<testsuite hostname="Sudharshan" failures="0" tests="2" name="runners.TestRunner" time="26.288" errors="0" timestamp="2025-09-09T11:51:31 IST" skipped="0">
  <testcase classname="runners.TestRunner" name="runScenario" time="13.146"/>
  <system-out/>
  <testcase classname="runners.TestRunner" name="runScenario" time="13.142"/>
  <system-out/>
</testsuite> <!-- runners.TestRunner -->
