<?xml version="1.0" encoding="UTF-8"?>
<!-- Generated by org.testng.reporters.JUnitReportReporter -->
<testsuite hostname="Sudharshan" failures="0" tests="2" name="runners.TestRunner" time="17.458" errors="0" timestamp="2025-09-09T13:07:36 IST" skipped="0">
  <testcase classname="runners.TestRunner" name="runScenario" time="8.144"/>
  <system-out/>
  <testcase classname="runners.TestRunner" name="runScenario" time="9.314"/>
  <system-out/>
</testsuite> <!-- runners.TestRunner -->
