<?xml version="1.0" encoding="UTF-8"?>
<!-- Generated by org.testng.reporters.JUnitReportReporter -->
<testsuite hostname="Sudharshan" failures="0" tests="15" name="testcases.E2ETest" time="7.136" errors="0" timestamp="2025-09-09T12:17:51 IST" skipped="0">
  <testcase classname="testcases.E2ETest" name="verifyLoginPage" time="1.504"/>
  <system-out/>
  <testcase classname="testcases.E2ETest" name="verifySortLowestToHighest" time="0.229"/>
  <system-out/>
  <testcase classname="testcases.E2ETest" name="verifySortHighestToLowest" time="0.185"/>
  <system-out/>
  <testcase classname="testcases.E2ETest" name="verifyGoogleFilter" time="0.128"/>
  <system-out/>
  <testcase classname="testcases.E2ETest" name="verifyAddPixel4" time="0.205"/>
  <system-out/>
  <testcase classname="testcases.E2ETest" name="verifyIncreaseQuantity" time="0.697"/>
  <system-out/>
  <testcase classname="testcases.E2ETest" name="verifyCloseCart" time="0.150"/>
  <system-out/>
  <testcase classname="testcases.E2ETest" name="verifyAddPixel3" time="0.165"/>
  <system-out/>
  <testcase classname="testcases.E2ETest" name="verifyCheckoutStart" time="0.490"/>
  <system-out/>
  <testcase classname="testcases.E2ETest" name="verifyAddressEntry" time="1.471"/>
  <system-out/>
  <testcase classname="testcases.E2ETest" name="verifyReceiptDownload" time="0.136"/>
  <system-out/>
  <testcase classname="testcases.E2ETest" name="verifyContinueShopping" time="0.239"/>
  <system-out/>
  <testcase classname="testcases.E2ETest" name="verifyAddPixel4ToFavourites" time="0.802"/>
  <system-out/>
  <testcase classname="testcases.E2ETest" name="verifyOfferPageNavigation" time="0.527"/>
  <system-out/>
  <testcase classname="testcases.E2ETest" name="verifyLogout" time="0.208"/>
  <system-out/>
</testsuite> <!-- testcases.E2ETest -->
