<?xml version="1.0" encoding="UTF-8"?>
<!-- Generated by org.testng.reporters.JUnitReportReporter -->
<testsuite hostname="Sudharshan" failures="0" tests="2" name="runners.TestRunner" time="22.567" errors="0" timestamp="2025-09-09T12:17:51 IST" skipped="0">
  <testcase classname="runners.TestRunner" name="runScenario" time="13.236"/>
  <system-out/>
  <testcase classname="runners.TestRunner" name="runScenario" time="9.331"/>
  <system-out/>
</testsuite> <!-- runners.TestRunner -->
