<?xml version="1.0" encoding="UTF-8"?>
<!-- Generated by org.testng.reporters.JUnitReportReporter -->
<testsuite hostname="Sudharshan" failures="0" tests="15" name="testcases.E2ETest" time="16.906" errors="0" timestamp="2025-09-09T12:03:26 IST" skipped="0">
  <testcase classname="testcases.E2ETest" name="verifyLoginPage" time="7.758"/>
  <system-out/>
  <testcase classname="testcases.E2ETest" name="verifySortLowestToHighest" time="0.249"/>
  <system-out/>
  <testcase classname="testcases.E2ETest" name="verifySortHighestToLowest" time="0.213"/>
  <system-out/>
  <testcase classname="testcases.E2ETest" name="verifyGoogleFilter" time="0.152"/>
  <system-out/>
  <testcase classname="testcases.E2ETest" name="verifyAddPixel4" time="0.198"/>
  <system-out/>
  <testcase classname="testcases.E2ETest" name="verifyIncreaseQuantity" time="0.726"/>
  <system-out/>
  <testcase classname="testcases.E2ETest" name="verifyCloseCart" time="0.190"/>
  <system-out/>
  <testcase classname="testcases.E2ETest" name="verifyAddPixel3" time="0.211"/>
  <system-out/>
  <testcase classname="testcases.E2ETest" name="verifyCheckoutStart" time="0.567"/>
  <system-out/>
  <testcase classname="testcases.E2ETest" name="verifyAddressEntry" time="4.693"/>
  <system-out/>
  <testcase classname="testcases.E2ETest" name="verifyReceiptDownload" time="0.152"/>
  <system-out/>
  <testcase classname="testcases.E2ETest" name="verifyContinueShopping" time="0.266"/>
  <system-out/>
  <testcase classname="testcases.E2ETest" name="verifyAddPixel4ToFavourites" time="0.809"/>
  <system-out/>
  <testcase classname="testcases.E2ETest" name="verifyOfferPageNavigation" time="0.534"/>
  <system-out/>
  <testcase classname="testcases.E2ETest" name="verifyLogout" time="0.188"/>
  <system-out/>
</testsuite> <!-- testcases.E2ETest -->
