<?xml version="1.0" encoding="UTF-8"?>
<!-- Generated by org.testng.reporters.JUnitReportReporter -->
<testsuite hostname="Sudharshan" failures="0" tests="2" name="runners.TestRunner" time="21.938" errors="0" timestamp="2025-09-09T13:21:29 IST" skipped="0">
  <testcase classname="runners.TestRunner" name="runScenario" time="11.409"/>
  <system-out/>
  <testcase classname="runners.TestRunner" name="runScenario" time="10.529"/>
  <system-out/>
</testsuite> <!-- runners.TestRunner -->
