<?xml version="1.0" encoding="UTF-8"?>
<!-- Generated by org.testng.reporters.JUnitReportReporter -->
<testsuite hostname="Sudharshan" failures="0" tests="2" name="runners.TestRunner" time="23.783" errors="0" timestamp="2025-09-09T12:20:02 IST" skipped="0">
  <testcase classname="runners.TestRunner" name="runScenario" time="13.296"/>
  <system-out/>
  <testcase classname="runners.TestRunner" name="runScenario" time="10.487"/>
  <system-out/>
</testsuite> <!-- runners.TestRunner -->
