<?xml version="1.0" encoding="UTF-8"?>
<!-- Generated by org.testng.reporters.JUnitReportReporter -->
<testsuite hostname="Sudharshan" failures="0" tests="1" name="com.example.AppTest" time="0.010" errors="0" timestamp="2025-09-09T12:03:26 IST" skipped="0">
  <testcase classname="com.example.AppTest" name="testApp" time="0.010"/>
  <system-out/>
</testsuite> <!-- com.example.AppTest -->
