<?xml version="1.0" encoding="UTF-8"?>
<!-- Generated by org.testng.reporters.JUnitReportReporter -->
<testsuite hostname="Sudharshan" failures="0" tests="2" name="runners.TestRunner" time="26.023" errors="0" timestamp="2025-09-07T16:41:57 IST" skipped="0">
  <testcase classname="runners.TestRunner" name="runScenario" time="17.399"/>
  <system-out/>
  <testcase classname="runners.TestRunner" name="runScenario" time="8.624"/>
  <system-out/>
</testsuite> <!-- runners.TestRunner -->
