<?xml version="1.0" encoding="UTF-8"?>
<!-- Generated by org.testng.reporters.JUnitReportReporter -->
<testsuite hostname="Sudharshan" failures="0" tests="2" name="runners.TestRunner" time="56.956" errors="0" timestamp="2025-09-07T21:09:41 IST" skipped="0">
  <testcase classname="runners.TestRunner" name="runScenario" time="30.786"/>
  <system-out/>
  <testcase classname="runners.TestRunner" name="runScenario" time="26.170"/>
  <system-out/>
</testsuite> <!-- runners.TestRunner -->
