<?xml version="1.0" encoding="UTF-8"?>
<!-- Generated by org.testng.reporters.JUnitReportReporter -->
<testsuite hostname="Sudharshan" failures="0" tests="15" name="testcases.E2ETest" time="13.484" errors="0" timestamp="2025-09-07T19:56:00 IST" skipped="0">
  <testcase classname="testcases.E2ETest" name="verifyLoginPage" time="2.315"/>
  <system-out/>
  <testcase classname="testcases.E2ETest" name="verifySortLowestToHighest" time="0.223"/>
  <system-out/>
  <testcase classname="testcases.E2ETest" name="verifySortHighestToLowest" time="0.189"/>
  <system-out/>
  <testcase classname="testcases.E2ETest" name="verifyGoogleFilter" time="0.107"/>
  <system-out/>
  <testcase classname="testcases.E2ETest" name="verifyAddPixel4" time="0.208"/>
  <system-out/>
  <testcase classname="testcases.E2ETest" name="verifyIncreaseQuantity" time="0.168"/>
  <system-out/>
  <testcase classname="testcases.E2ETest" name="verifyCloseCart" time="0.167"/>
  <system-out/>
  <testcase classname="testcases.E2ETest" name="verifyAddPixel3" time="0.164"/>
  <system-out/>
  <testcase classname="testcases.E2ETest" name="verifyCheckoutStart" time="0.533"/>
  <system-out/>
  <testcase classname="testcases.E2ETest" name="verifyAddressEntry" time="7.387"/>
  <system-out/>
  <testcase classname="testcases.E2ETest" name="verifyReceiptDownload" time="0.119"/>
  <system-out/>
  <testcase classname="testcases.E2ETest" name="verifyContinueShopping" time="0.290"/>
  <system-out/>
  <testcase classname="testcases.E2ETest" name="verifyAddPixel4ToFavourites" time="0.303"/>
  <system-out/>
  <testcase classname="testcases.E2ETest" name="verifyOfferPageNavigation" time="1.159"/>
  <system-out/>
  <testcase classname="testcases.E2ETest" name="verifyLogout" time="0.152"/>
  <system-out/>
</testsuite> <!-- testcases.E2ETest -->
