<?xml version="1.0" encoding="UTF-8"?>
<!-- Generated by org.testng.reporters.JUnitReportReporter -->
<testsuite hostname="Sudharshan" failures="0" tests="2" name="runners.TestRunner" time="59.680" errors="0" timestamp="2025-09-07T21:20:58 IST" skipped="0">
  <testcase classname="runners.TestRunner" name="runScenario" time="36.876"/>
  <system-out/>
  <testcase classname="runners.TestRunner" name="runScenario" time="22.804"/>
  <system-out/>
</testsuite> <!-- runners.TestRunner -->
