<?xml version="1.0" encoding="UTF-8"?>
<!-- Generated by org.testng.reporters.JUnitReportReporter -->
<testsuite hostname="Sudharshan" failures="0" tests="2" name="runners.TestRunner" time="56.008" errors="0" timestamp="2025-09-07T21:59:01 IST" skipped="0">
  <testcase classname="runners.TestRunner" name="runScenario" time="32.936"/>
  <system-out/>
  <testcase classname="runners.TestRunner" name="runScenario" time="23.072"/>
  <system-out/>
</testsuite> <!-- runners.TestRunner -->
